2013-Feb-18 13:09:14 Наличие необходимых модулей php (check_php_modules): Ok
Успешно
2013-Feb-18 13:09:15 Обязательные параметры PHP (check_php_settings): Ok
Успешно
2013-Feb-18 13:09:15 Значения переменных сервера (check_server_vars): Ok
Успешно
2013-Feb-18 13:09:15 Параметры настройки UTF (mbstring и константа BX_UTF) (check_mbstring): Ok
Успешно. Сайт работает в UTF кодировке
2013-Feb-18 13:09:15 Установка параметра pcre.backtrack_limit (check_backtrack_limit): Ok
Успешно
2013-Feb-18 13:09:15 Настройки сайтов (check_sites): Fail
Путь к корню сайта должен быть пустой, установлено: /home/www/dev.mytb.ru/
2013-Feb-18 13:09:16 Работа с сокетами (check_socket): Ok
Connection to mytb.ru:80
Успешно
2013-Feb-18 13:09:16 Лишний вывод в файлах конфигурации (check_dbconn): Ok
Connection to mytb.ru:80
Успешно
2013-Feb-18 13:09:16 Загрузка файла (check_upload): Ok
Connection to mytb.ru:80
Успешно
2013-Feb-18 13:09:17 Загрузка файла больше 4Мб (check_upload_big): Ok
Connection to mytb.ru:80
Успешно
2013-Feb-18 13:09:17 Загрузка файла через php://input (check_upload_raw): Ok
Connection to mytb.ru:80
Успешно
2013-Feb-18 13:09:17 Передача POST запроса с большим числом параметров (check_post): Ok
Connection to mytb.ru:80
Успешно
2013-Feb-18 13:09:23 Отправка почты (check_mail): Fail
Отправлено. Время отправки: 5 сек.
2013-Feb-18 13:09:26 Отправка почтового сообщения больше 64Кб (check_mail_big): Fail
Отправлено. Время отправки: 3.7 сек.
2013-Feb-18 13:09:27 Проверка на наличие неотправленных сообщений (check_mail_b_event): Ok
Успешно
2013-Feb-18 13:09:27 Внутреннее перенаправление (функция LocalRedirect) (check_localredirect): Ok
50% done
Connection to mytb.ru:80
Успешно
2013-Feb-18 13:09:27 Внутреннее перенаправление (функция LocalRedirect) (check_localredirect): Ok
Connection to mytb.ru:80
Успешно
2013-Feb-18 13:09:28 Фактическое ограничение памяти (check_memory_limit): Ok
14% done
Connection to mytb.ru:80
Успешно
2013-Feb-18 13:09:28 Фактическое ограничение памяти (check_memory_limit): Ok
28% done
Connection to mytb.ru:80
Успешно
2013-Feb-18 13:09:28 Фактическое ограничение памяти (check_memory_limit): Ok
42% done
Connection to mytb.ru:80
Успешно
2013-Feb-18 13:09:29 Фактическое ограничение памяти (check_memory_limit): Ok
57% done
Connection to mytb.ru:80
== Request ==
GET /bitrix/admin/site_checker.php?memory_test=Y&unique_id=93983e9fc5c731a7a10ddf2ea2a9849d&max=127 HTTP/1.1
Host: mytb.ru


== Response ==
HTTP/1.1 200 OK
Server: nginx/0.7.67
Date: Mon, 18 Feb 2013 09:09:28 GMT
Content-Type: text/html
Connection: keep-alive
X-Powered-By: PHP/5.3.3-7+squeeze14
Vary: Accept-Encoding
Content-Length: 172

== Body ==

Fatal error: Allowed memory size of 134217728 bytes exhausted (tried to allocate 1048577 bytes) in /home/www/mytb.ru/bitrix/modules/main/admin/site_checker.php on line 89

==========
Успешно
2013-Feb-18 13:09:29 Фактическое ограничение памяти (check_memory_limit): Ok
71% done
Connection to mytb.ru:80
Успешно
2013-Feb-18 13:09:29 Фактическое ограничение памяти (check_memory_limit): Ok
85% done
Connection to mytb.ru:80
== Request ==
GET /bitrix/admin/site_checker.php?memory_test=Y&unique_id=93983e9fc5c731a7a10ddf2ea2a9849d&max=191 HTTP/1.1
Host: mytb.ru


== Response ==
HTTP/1.1 200 OK
Server: nginx/0.7.67
Date: Mon, 18 Feb 2013 09:09:29 GMT
Content-Type: text/html
Connection: keep-alive
X-Powered-By: PHP/5.3.3-7+squeeze14
Vary: Accept-Encoding
Content-Length: 172

== Body ==

Fatal error: Allowed memory size of 134217728 bytes exhausted (tried to allocate 1048577 bytes) in /home/www/mytb.ru/bitrix/modules/main/admin/site_checker.php on line 89

==========
Успешно
2013-Feb-18 13:09:30 Фактическое ограничение памяти (check_memory_limit): Ok
Connection to mytb.ru:80
== Request ==
GET /bitrix/admin/site_checker.php?memory_test=Y&unique_id=93983e9fc5c731a7a10ddf2ea2a9849d&max=143 HTTP/1.1
Host: mytb.ru


== Response ==
HTTP/1.1 200 OK
Server: nginx/0.7.67
Date: Mon, 18 Feb 2013 09:09:30 GMT
Content-Type: text/html
Connection: keep-alive
X-Powered-By: PHP/5.3.3-7+squeeze14
Vary: Accept-Encoding
Content-Length: 172

== Body ==

Fatal error: Allowed memory size of 134217728 bytes exhausted (tried to allocate 1048577 bytes) in /home/www/mytb.ru/bitrix/modules/main/admin/site_checker.php on line 89

==========
Не менее 96 М
2013-Feb-18 13:09:30 Сохранение сессии (check_session): Ok
50% done
Успешно
2013-Feb-18 13:09:30 Сохранение сессии (check_session): Ok
Успешно
2013-Feb-18 13:09:30 Сохранение сессии без UserAgent (check_session_ua): Ok
50% done
Connection to mytb.ru:80
Успешно
2013-Feb-18 13:09:31 Сохранение сессии без UserAgent (check_session_ua): Ok
Connection to mytb.ru:80
Успешно
2013-Feb-18 13:09:31 Работа с файлами кеша (check_cache): Ok
Успешно
2013-Feb-18 13:09:32 Доступ к серверу обновлений (check_update): Ok
Успешно
2013-Feb-18 13:09:32 HTTP авторизация (check_http_auth): Ok
Connection to mytb.ru:80
Успешно
2013-Feb-18 13:09:32 Создание и запуск файла (check_exec): Ok
Connection to mytb.ru:80
Успешно
2013-Feb-18 13:09:32 Модуль suhosin отключен (check_suhosin): Warning
Загружен модуль suhosin, возможны проблемы в работе административной части (suhosin.simulation=0)
2013-Feb-18 13:09:33 Модуль Apache mod_security отключен (check_security): Ok
Успешно
2013-Feb-18 13:09:33 Константа BX_CRONTAB (не должна быть определена) (check_bx_crontab): Ok
Успешно
2013-Feb-18 13:09:33 Разделитель дробной части (check_divider): Ok
Успешно
2013-Feb-18 13:09:34 Значение параметра precision (не менее 10) (check_precision): Ok
Успешно
2013-Feb-18 13:09:34 Передача объектов по ссылке (check_clone): Ok
Успешно
2013-Feb-18 13:09:35 Функция getimagesize для swf (check_getimagesize): Ok
Успешно
2013-Feb-18 13:09:35 Версия MySQL сервера (check_mysql_bug_version): Ok
Успешно
2013-Feb-18 13:09:36 Время на БД и веб сервере (check_mysql_time): Ok
Успешно
2013-Feb-18 13:09:36 Режим работы MySQL (check_mysql_mode): Ok
Успешно
2013-Feb-18 13:09:39 Значение auto_increment в MySQL (check_mysql_increment): Ok
Успешно
2013-Feb-18 13:09:39 Кодировка соединения (check_mysql_connection_charset): Ok
CHARSET=utf8, COLLATION=utf8_unicode_ci
Успешно
2013-Feb-18 13:09:39 Кодировка базы данных (check_mysql_db_charset): Ok
CHARSET=utf8, COLLATION=utf8_unicode_ci
Успешно
2013-Feb-18 13:09:40 Кодировки таблиц в БД (check_mysql_table_charset): Ok
Успешно
